<?xml version="1.0" encoding="UTF-8"?>
<testsuite name="com.template.contracts.ContractTests" tests="2" skipped="0" failures="0" errors="0" timestamp="2020-02-27T15:04:10" hostname="BIGTOPC" time="0.131">
  <properties/>
  <testcase name="testContractRequiresZeroInputsInTheTransaction" classname="com.template.contracts.ContractTests" time="0.002"/>
  <testcase name="testIOUContractType" classname="com.template.contracts.ContractTests" time="0.001"/>
  <system-out><![CDATA[?[37m[INFO] 23:04:09,540 [Test worker] cordapp.JarScanningCordappLoader. - Loading CorDapps from RestrictedURL(url=file:/F:/OneDrive%20-%20City%20University%20of%20Hong%20Kong/coding/Kotlin/IOU-CorDapp/contracts/build/generated-custom-cordapps/20200227-150408.863/custom-cordapp_1_5_701e39bd-d8f3-4564-b35d-77cd47853811.jar, rootPackageName=null)
?[m?[37m[INFO] 23:04:09,597 [Test worker] cordapp.JarScanningCordappLoader. - Scanning CorDapp in file:/F:/OneDrive%20-%20City%20University%20of%20Hong%20Kong/coding/Kotlin/IOU-CorDapp/contracts/build/generated-custom-cordapps/20200227-150408.863/custom-cordapp_1_5_701e39bd-d8f3-4564-b35d-77cd47853811.jar
?[m?[37m[INFO] 23:04:09,713 [Test worker] ClassloaderUtils. - Contracts loading for 'C:\Users\14250\AppData\Local\Temp\attachment6243832677703587935.jar' took 42 msec
?[m?[37m[INFO] 23:04:11,008 [Test worker] cordapp.JarScanningCordappLoader. - Loading CorDapps from RestrictedURL(url=file:/F:/OneDrive%20-%20City%20University%20of%20Hong%20Kong/coding/Kotlin/IOU-CorDapp/contracts/build/generated-custom-cordapps/20200227-150408.863/custom-cordapp_1_5_701e39bd-d8f3-4564-b35d-77cd47853811.jar, rootPackageName=null)
?[m?[37m[INFO] 23:04:11,008 [Test worker] cordapp.JarScanningCordappLoader. - Scanning CorDapp in file:/F:/OneDrive%20-%20City%20University%20of%20Hong%20Kong/coding/Kotlin/IOU-CorDapp/contracts/build/generated-custom-cordapps/20200227-150408.863/custom-cordapp_1_5_701e39bd-d8f3-4564-b35d-77cd47853811.jar
?[m?[31m[WARN] 23:04:11,028 [Test worker] cordapp.CordappResolver. - The CorDapp (name: Contract: custom-cordapp, Workflow: custom-cordapp, file: custom-cordapp_1_5_701e39bd-d8f3-4564-b35d-77cd47853811) is installed multiple times on the node. The following files correspond to the exact same content: [custom-cordapp_1_5_701e39bd-d8f3-4564-b35d-77cd47853811]
?[m?[37m[INFO] 23:04:11,044 [Test worker] ClassloaderUtils. - Contracts loading for 'C:\Users\14250\AppData\Local\Temp\attachment6170186715273434418.jar' took 11 msec
?[m]]></system-out>
  <system-err><![CDATA[]]></system-err>
</testsuite>
